[2025-07-01T09:33:13.119+0000] {processor.py:161} INFO - Started process (PID=185) to work on /opt/airflow/dags/automatic_run_dbt.py
[2025-07-01T09:33:13.120+0000] {processor.py:830} INFO - Processing file /opt/airflow/dags/automatic_run_dbt.py for tasks to queue
[2025-07-01T09:33:13.167+0000] {logging_mixin.py:188} INFO - [2025-07-01T09:33:13.121+0000] {dagbag.py:540} INFO - Filling up the DagBag from /opt/airflow/dags/automatic_run_dbt.py
[2025-07-01T09:33:13.174+0000] {processor.py:840} INFO - DAG(s) 'dbt_run_checkout_pipeline' retrieved from /opt/airflow/dags/automatic_run_dbt.py
[2025-07-01T09:33:13.191+0000] {logging_mixin.py:188} INFO - [2025-07-01T09:33:13.191+0000] {dag.py:3096} INFO - Sync 1 DAGs
[2025-07-01T09:33:13.213+0000] {processor.py:183} INFO - Processing /opt/airflow/dags/automatic_run_dbt.py took 0.097 seconds
[2025-07-01T09:33:43.288+0000] {processor.py:161} INFO - Started process (PID=253) to work on /opt/airflow/dags/automatic_run_dbt.py
[2025-07-01T09:33:43.289+0000] {processor.py:830} INFO - Processing file /opt/airflow/dags/automatic_run_dbt.py for tasks to queue
[2025-07-01T09:33:43.290+0000] {logging_mixin.py:188} INFO - [2025-07-01T09:33:43.290+0000] {dagbag.py:540} INFO - Filling up the DagBag from /opt/airflow/dags/automatic_run_dbt.py
[2025-07-01T09:33:43.297+0000] {processor.py:840} INFO - DAG(s) 'dbt_run_checkout_pipeline' retrieved from /opt/airflow/dags/automatic_run_dbt.py
[2025-07-01T09:33:43.494+0000] {logging_mixin.py:188} INFO - [2025-07-01T09:33:43.494+0000] {dag.py:3096} INFO - Sync 1 DAGs
[2025-07-01T09:33:43.510+0000] {processor.py:183} INFO - Processing /opt/airflow/dags/automatic_run_dbt.py took 0.226 seconds
[2025-07-01T09:34:13.660+0000] {processor.py:161} INFO - Started process (PID=293) to work on /opt/airflow/dags/automatic_run_dbt.py
[2025-07-01T09:34:13.669+0000] {processor.py:830} INFO - Processing file /opt/airflow/dags/automatic_run_dbt.py for tasks to queue
[2025-07-01T09:34:13.671+0000] {logging_mixin.py:188} INFO - [2025-07-01T09:34:13.670+0000] {dagbag.py:540} INFO - Filling up the DagBag from /opt/airflow/dags/automatic_run_dbt.py
[2025-07-01T09:34:13.755+0000] {processor.py:840} INFO - DAG(s) 'dbt_run_checkout_pipeline' retrieved from /opt/airflow/dags/automatic_run_dbt.py
[2025-07-01T09:34:13.769+0000] {logging_mixin.py:188} INFO - [2025-07-01T09:34:13.769+0000] {dag.py:3096} INFO - Sync 1 DAGs
[2025-07-01T09:34:13.795+0000] {processor.py:183} INFO - Processing /opt/airflow/dags/automatic_run_dbt.py took 0.142 seconds
[2025-07-01T09:34:44.060+0000] {processor.py:161} INFO - Started process (PID=334) to work on /opt/airflow/dags/automatic_run_dbt.py
[2025-07-01T09:34:44.061+0000] {processor.py:830} INFO - Processing file /opt/airflow/dags/automatic_run_dbt.py for tasks to queue
[2025-07-01T09:34:44.063+0000] {logging_mixin.py:188} INFO - [2025-07-01T09:34:44.063+0000] {dagbag.py:540} INFO - Filling up the DagBag from /opt/airflow/dags/automatic_run_dbt.py
[2025-07-01T09:34:44.071+0000] {processor.py:840} INFO - DAG(s) 'dbt_run_checkout_pipeline' retrieved from /opt/airflow/dags/automatic_run_dbt.py
[2025-07-01T09:34:44.093+0000] {logging_mixin.py:188} INFO - [2025-07-01T09:34:44.093+0000] {dag.py:3096} INFO - Sync 1 DAGs
[2025-07-01T09:34:44.113+0000] {processor.py:183} INFO - Processing /opt/airflow/dags/automatic_run_dbt.py took 0.057 seconds
[2025-07-01T09:35:14.197+0000] {processor.py:161} INFO - Started process (PID=366) to work on /opt/airflow/dags/automatic_run_dbt.py
[2025-07-01T09:35:14.206+0000] {processor.py:830} INFO - Processing file /opt/airflow/dags/automatic_run_dbt.py for tasks to queue
[2025-07-01T09:35:14.208+0000] {logging_mixin.py:188} INFO - [2025-07-01T09:35:14.207+0000] {dagbag.py:540} INFO - Filling up the DagBag from /opt/airflow/dags/automatic_run_dbt.py
[2025-07-01T09:35:14.214+0000] {processor.py:840} INFO - DAG(s) 'dbt_run_checkout_pipeline' retrieved from /opt/airflow/dags/automatic_run_dbt.py
[2025-07-01T09:35:14.231+0000] {logging_mixin.py:188} INFO - [2025-07-01T09:35:14.231+0000] {dag.py:3096} INFO - Sync 1 DAGs
[2025-07-01T09:35:14.250+0000] {processor.py:183} INFO - Processing /opt/airflow/dags/automatic_run_dbt.py took 0.059 seconds
[2025-07-01T09:35:44.378+0000] {processor.py:161} INFO - Started process (PID=378) to work on /opt/airflow/dags/automatic_run_dbt.py
[2025-07-01T09:35:44.387+0000] {processor.py:830} INFO - Processing file /opt/airflow/dags/automatic_run_dbt.py for tasks to queue
[2025-07-01T09:35:44.389+0000] {logging_mixin.py:188} INFO - [2025-07-01T09:35:44.388+0000] {dagbag.py:540} INFO - Filling up the DagBag from /opt/airflow/dags/automatic_run_dbt.py
[2025-07-01T09:35:44.395+0000] {processor.py:840} INFO - DAG(s) 'dbt_run_checkout_pipeline' retrieved from /opt/airflow/dags/automatic_run_dbt.py
[2025-07-01T09:35:44.417+0000] {logging_mixin.py:188} INFO - [2025-07-01T09:35:44.417+0000] {dag.py:3096} INFO - Sync 1 DAGs
[2025-07-01T09:35:44.436+0000] {processor.py:183} INFO - Processing /opt/airflow/dags/automatic_run_dbt.py took 0.063 seconds
[2025-07-01T09:36:14.508+0000] {processor.py:161} INFO - Started process (PID=390) to work on /opt/airflow/dags/automatic_run_dbt.py
[2025-07-01T09:36:14.516+0000] {processor.py:830} INFO - Processing file /opt/airflow/dags/automatic_run_dbt.py for tasks to queue
[2025-07-01T09:36:14.517+0000] {logging_mixin.py:188} INFO - [2025-07-01T09:36:14.517+0000] {dagbag.py:540} INFO - Filling up the DagBag from /opt/airflow/dags/automatic_run_dbt.py
[2025-07-01T09:36:14.523+0000] {processor.py:840} INFO - DAG(s) 'dbt_run_checkout_pipeline' retrieved from /opt/airflow/dags/automatic_run_dbt.py
[2025-07-01T09:36:14.540+0000] {logging_mixin.py:188} INFO - [2025-07-01T09:36:14.540+0000] {dag.py:3096} INFO - Sync 1 DAGs
[2025-07-01T09:36:14.558+0000] {processor.py:183} INFO - Processing /opt/airflow/dags/automatic_run_dbt.py took 0.054 seconds
[2025-07-01T09:36:44.654+0000] {processor.py:161} INFO - Started process (PID=402) to work on /opt/airflow/dags/automatic_run_dbt.py
[2025-07-01T09:36:44.654+0000] {processor.py:830} INFO - Processing file /opt/airflow/dags/automatic_run_dbt.py for tasks to queue
[2025-07-01T09:36:44.655+0000] {logging_mixin.py:188} INFO - [2025-07-01T09:36:44.655+0000] {dagbag.py:540} INFO - Filling up the DagBag from /opt/airflow/dags/automatic_run_dbt.py
[2025-07-01T09:36:44.664+0000] {processor.py:840} INFO - DAG(s) 'dbt_run_checkout_pipeline' retrieved from /opt/airflow/dags/automatic_run_dbt.py
[2025-07-01T09:36:44.683+0000] {logging_mixin.py:188} INFO - [2025-07-01T09:36:44.683+0000] {dag.py:3096} INFO - Sync 1 DAGs
[2025-07-01T09:36:44.703+0000] {processor.py:183} INFO - Processing /opt/airflow/dags/automatic_run_dbt.py took 0.053 seconds
[2025-07-01T09:37:14.768+0000] {processor.py:161} INFO - Started process (PID=414) to work on /opt/airflow/dags/automatic_run_dbt.py
[2025-07-01T09:37:14.769+0000] {processor.py:830} INFO - Processing file /opt/airflow/dags/automatic_run_dbt.py for tasks to queue
[2025-07-01T09:37:14.770+0000] {logging_mixin.py:188} INFO - [2025-07-01T09:37:14.770+0000] {dagbag.py:540} INFO - Filling up the DagBag from /opt/airflow/dags/automatic_run_dbt.py
[2025-07-01T09:37:14.776+0000] {processor.py:840} INFO - DAG(s) 'dbt_run_checkout_pipeline' retrieved from /opt/airflow/dags/automatic_run_dbt.py
[2025-07-01T09:37:14.795+0000] {logging_mixin.py:188} INFO - [2025-07-01T09:37:14.795+0000] {dag.py:3096} INFO - Sync 1 DAGs
[2025-07-01T09:37:14.810+0000] {processor.py:183} INFO - Processing /opt/airflow/dags/automatic_run_dbt.py took 0.046 seconds
[2025-07-01T09:37:44.932+0000] {processor.py:161} INFO - Started process (PID=427) to work on /opt/airflow/dags/automatic_run_dbt.py
[2025-07-01T09:37:44.941+0000] {processor.py:830} INFO - Processing file /opt/airflow/dags/automatic_run_dbt.py for tasks to queue
[2025-07-01T09:37:44.943+0000] {logging_mixin.py:188} INFO - [2025-07-01T09:37:44.942+0000] {dagbag.py:540} INFO - Filling up the DagBag from /opt/airflow/dags/automatic_run_dbt.py
[2025-07-01T09:37:44.972+0000] {processor.py:840} INFO - DAG(s) 'dbt_run_checkout_pipeline' retrieved from /opt/airflow/dags/automatic_run_dbt.py
[2025-07-01T09:37:44.989+0000] {logging_mixin.py:188} INFO - [2025-07-01T09:37:44.989+0000] {dag.py:3096} INFO - Sync 1 DAGs
[2025-07-01T09:37:45.008+0000] {processor.py:183} INFO - Processing /opt/airflow/dags/automatic_run_dbt.py took 0.080 seconds
[2025-07-01T09:38:15.189+0000] {processor.py:161} INFO - Started process (PID=432) to work on /opt/airflow/dags/automatic_run_dbt.py
[2025-07-01T09:38:15.190+0000] {processor.py:830} INFO - Processing file /opt/airflow/dags/automatic_run_dbt.py for tasks to queue
[2025-07-01T09:38:15.191+0000] {logging_mixin.py:188} INFO - [2025-07-01T09:38:15.191+0000] {dagbag.py:540} INFO - Filling up the DagBag from /opt/airflow/dags/automatic_run_dbt.py
[2025-07-01T09:38:15.196+0000] {processor.py:840} INFO - DAG(s) 'dbt_run_checkout_pipeline' retrieved from /opt/airflow/dags/automatic_run_dbt.py
[2025-07-01T09:38:15.215+0000] {logging_mixin.py:188} INFO - [2025-07-01T09:38:15.214+0000] {dag.py:3096} INFO - Sync 1 DAGs
[2025-07-01T09:38:15.232+0000] {processor.py:183} INFO - Processing /opt/airflow/dags/automatic_run_dbt.py took 0.046 seconds
[2025-07-01T09:38:45.306+0000] {processor.py:161} INFO - Started process (PID=477) to work on /opt/airflow/dags/automatic_run_dbt.py
[2025-07-01T09:38:45.306+0000] {processor.py:830} INFO - Processing file /opt/airflow/dags/automatic_run_dbt.py for tasks to queue
[2025-07-01T09:38:45.307+0000] {logging_mixin.py:188} INFO - [2025-07-01T09:38:45.307+0000] {dagbag.py:540} INFO - Filling up the DagBag from /opt/airflow/dags/automatic_run_dbt.py
[2025-07-01T09:38:45.313+0000] {processor.py:840} INFO - DAG(s) 'dbt_run_checkout_pipeline' retrieved from /opt/airflow/dags/automatic_run_dbt.py
[2025-07-01T09:38:45.330+0000] {logging_mixin.py:188} INFO - [2025-07-01T09:38:45.330+0000] {dag.py:3096} INFO - Sync 1 DAGs
[2025-07-01T09:38:45.342+0000] {logging_mixin.py:188} INFO - [2025-07-01T09:38:45.342+0000] {dag.py:3954} INFO - Setting next_dagrun for dbt_run_checkout_pipeline to 2025-07-01 09:15:00+00:00, run_after=2025-07-01 09:30:00+00:00
[2025-07-01T09:38:45.350+0000] {processor.py:183} INFO - Processing /opt/airflow/dags/automatic_run_dbt.py took 0.049 seconds
[2025-07-01T09:39:15.487+0000] {processor.py:161} INFO - Started process (PID=523) to work on /opt/airflow/dags/automatic_run_dbt.py
[2025-07-01T09:39:15.488+0000] {processor.py:830} INFO - Processing file /opt/airflow/dags/automatic_run_dbt.py for tasks to queue
[2025-07-01T09:39:15.489+0000] {logging_mixin.py:188} INFO - [2025-07-01T09:39:15.489+0000] {dagbag.py:540} INFO - Filling up the DagBag from /opt/airflow/dags/automatic_run_dbt.py
[2025-07-01T09:39:15.494+0000] {processor.py:840} INFO - DAG(s) 'dbt_run_checkout_pipeline' retrieved from /opt/airflow/dags/automatic_run_dbt.py
[2025-07-01T09:39:15.511+0000] {logging_mixin.py:188} INFO - [2025-07-01T09:39:15.511+0000] {dag.py:3096} INFO - Sync 1 DAGs
[2025-07-01T09:39:15.528+0000] {processor.py:183} INFO - Processing /opt/airflow/dags/automatic_run_dbt.py took 0.045 seconds
[2025-07-01T09:39:45.606+0000] {processor.py:161} INFO - Started process (PID=535) to work on /opt/airflow/dags/automatic_run_dbt.py
[2025-07-01T09:39:45.607+0000] {processor.py:830} INFO - Processing file /opt/airflow/dags/automatic_run_dbt.py for tasks to queue
[2025-07-01T09:39:45.608+0000] {logging_mixin.py:188} INFO - [2025-07-01T09:39:45.608+0000] {dagbag.py:540} INFO - Filling up the DagBag from /opt/airflow/dags/automatic_run_dbt.py
[2025-07-01T09:39:45.615+0000] {processor.py:840} INFO - DAG(s) 'dbt_run_checkout_pipeline' retrieved from /opt/airflow/dags/automatic_run_dbt.py
[2025-07-01T09:39:45.632+0000] {logging_mixin.py:188} INFO - [2025-07-01T09:39:45.632+0000] {dag.py:3096} INFO - Sync 1 DAGs
[2025-07-01T09:39:45.650+0000] {processor.py:183} INFO - Processing /opt/airflow/dags/automatic_run_dbt.py took 0.048 seconds
[2025-07-01T09:40:15.761+0000] {processor.py:161} INFO - Started process (PID=547) to work on /opt/airflow/dags/automatic_run_dbt.py
[2025-07-01T09:40:15.770+0000] {processor.py:830} INFO - Processing file /opt/airflow/dags/automatic_run_dbt.py for tasks to queue
[2025-07-01T09:40:15.771+0000] {logging_mixin.py:188} INFO - [2025-07-01T09:40:15.771+0000] {dagbag.py:540} INFO - Filling up the DagBag from /opt/airflow/dags/automatic_run_dbt.py
[2025-07-01T09:40:15.777+0000] {processor.py:840} INFO - DAG(s) 'dbt_run_checkout_pipeline' retrieved from /opt/airflow/dags/automatic_run_dbt.py
[2025-07-01T09:40:15.796+0000] {logging_mixin.py:188} INFO - [2025-07-01T09:40:15.795+0000] {dag.py:3096} INFO - Sync 1 DAGs
[2025-07-01T09:40:15.814+0000] {processor.py:183} INFO - Processing /opt/airflow/dags/automatic_run_dbt.py took 0.057 seconds
[2025-07-01T09:40:45.881+0000] {processor.py:161} INFO - Started process (PID=559) to work on /opt/airflow/dags/automatic_run_dbt.py
[2025-07-01T09:40:45.890+0000] {processor.py:830} INFO - Processing file /opt/airflow/dags/automatic_run_dbt.py for tasks to queue
[2025-07-01T09:40:45.891+0000] {logging_mixin.py:188} INFO - [2025-07-01T09:40:45.891+0000] {dagbag.py:540} INFO - Filling up the DagBag from /opt/airflow/dags/automatic_run_dbt.py
[2025-07-01T09:40:45.897+0000] {processor.py:840} INFO - DAG(s) 'dbt_run_checkout_pipeline' retrieved from /opt/airflow/dags/automatic_run_dbt.py
[2025-07-01T09:40:45.912+0000] {logging_mixin.py:188} INFO - [2025-07-01T09:40:45.911+0000] {dag.py:3096} INFO - Sync 1 DAGs
[2025-07-01T09:40:45.930+0000] {processor.py:183} INFO - Processing /opt/airflow/dags/automatic_run_dbt.py took 0.054 seconds
[2025-07-01T09:41:16.026+0000] {processor.py:161} INFO - Started process (PID=571) to work on /opt/airflow/dags/automatic_run_dbt.py
[2025-07-01T09:41:16.029+0000] {processor.py:830} INFO - Processing file /opt/airflow/dags/automatic_run_dbt.py for tasks to queue
[2025-07-01T09:41:16.029+0000] {logging_mixin.py:188} INFO - [2025-07-01T09:41:16.029+0000] {dagbag.py:540} INFO - Filling up the DagBag from /opt/airflow/dags/automatic_run_dbt.py
[2025-07-01T09:41:16.035+0000] {processor.py:840} INFO - DAG(s) 'dbt_run_checkout_pipeline' retrieved from /opt/airflow/dags/automatic_run_dbt.py
[2025-07-01T09:41:16.053+0000] {logging_mixin.py:188} INFO - [2025-07-01T09:41:16.053+0000] {dag.py:3096} INFO - Sync 1 DAGs
[2025-07-01T09:41:16.071+0000] {processor.py:183} INFO - Processing /opt/airflow/dags/automatic_run_dbt.py took 0.048 seconds
[2025-07-01T09:41:46.136+0000] {processor.py:161} INFO - Started process (PID=583) to work on /opt/airflow/dags/automatic_run_dbt.py
[2025-07-01T09:41:46.146+0000] {processor.py:830} INFO - Processing file /opt/airflow/dags/automatic_run_dbt.py for tasks to queue
[2025-07-01T09:41:46.147+0000] {logging_mixin.py:188} INFO - [2025-07-01T09:41:46.147+0000] {dagbag.py:540} INFO - Filling up the DagBag from /opt/airflow/dags/automatic_run_dbt.py
[2025-07-01T09:41:46.155+0000] {processor.py:840} INFO - DAG(s) 'dbt_run_checkout_pipeline' retrieved from /opt/airflow/dags/automatic_run_dbt.py
[2025-07-01T09:41:46.175+0000] {logging_mixin.py:188} INFO - [2025-07-01T09:41:46.175+0000] {dag.py:3096} INFO - Sync 1 DAGs
[2025-07-01T09:41:46.197+0000] {processor.py:183} INFO - Processing /opt/airflow/dags/automatic_run_dbt.py took 0.066 seconds
[2025-07-01T09:42:16.296+0000] {processor.py:161} INFO - Started process (PID=595) to work on /opt/airflow/dags/automatic_run_dbt.py
[2025-07-01T09:42:16.305+0000] {processor.py:830} INFO - Processing file /opt/airflow/dags/automatic_run_dbt.py for tasks to queue
[2025-07-01T09:42:16.306+0000] {logging_mixin.py:188} INFO - [2025-07-01T09:42:16.306+0000] {dagbag.py:540} INFO - Filling up the DagBag from /opt/airflow/dags/automatic_run_dbt.py
[2025-07-01T09:42:16.314+0000] {processor.py:840} INFO - DAG(s) 'dbt_run_checkout_pipeline' retrieved from /opt/airflow/dags/automatic_run_dbt.py
[2025-07-01T09:42:16.329+0000] {logging_mixin.py:188} INFO - [2025-07-01T09:42:16.329+0000] {dag.py:3096} INFO - Sync 1 DAGs
[2025-07-01T09:42:16.347+0000] {processor.py:183} INFO - Processing /opt/airflow/dags/automatic_run_dbt.py took 0.055 seconds
[2025-07-01T09:42:46.413+0000] {processor.py:161} INFO - Started process (PID=607) to work on /opt/airflow/dags/automatic_run_dbt.py
[2025-07-01T09:42:46.414+0000] {processor.py:830} INFO - Processing file /opt/airflow/dags/automatic_run_dbt.py for tasks to queue
[2025-07-01T09:42:46.414+0000] {logging_mixin.py:188} INFO - [2025-07-01T09:42:46.414+0000] {dagbag.py:540} INFO - Filling up the DagBag from /opt/airflow/dags/automatic_run_dbt.py
[2025-07-01T09:42:46.420+0000] {processor.py:840} INFO - DAG(s) 'dbt_run_checkout_pipeline' retrieved from /opt/airflow/dags/automatic_run_dbt.py
[2025-07-01T09:42:46.440+0000] {logging_mixin.py:188} INFO - [2025-07-01T09:42:46.439+0000] {dag.py:3096} INFO - Sync 1 DAGs
[2025-07-01T09:42:46.456+0000] {processor.py:183} INFO - Processing /opt/airflow/dags/automatic_run_dbt.py took 0.046 seconds
[2025-07-01T09:43:16.582+0000] {processor.py:161} INFO - Started process (PID=619) to work on /opt/airflow/dags/automatic_run_dbt.py
[2025-07-01T09:43:16.590+0000] {processor.py:830} INFO - Processing file /opt/airflow/dags/automatic_run_dbt.py for tasks to queue
[2025-07-01T09:43:16.592+0000] {logging_mixin.py:188} INFO - [2025-07-01T09:43:16.592+0000] {dagbag.py:540} INFO - Filling up the DagBag from /opt/airflow/dags/automatic_run_dbt.py
[2025-07-01T09:43:16.597+0000] {processor.py:840} INFO - DAG(s) 'dbt_run_checkout_pipeline' retrieved from /opt/airflow/dags/automatic_run_dbt.py
[2025-07-01T09:43:16.620+0000] {logging_mixin.py:188} INFO - [2025-07-01T09:43:16.619+0000] {dag.py:3096} INFO - Sync 1 DAGs
[2025-07-01T09:43:16.638+0000] {processor.py:183} INFO - Processing /opt/airflow/dags/automatic_run_dbt.py took 0.060 seconds
[2025-07-01T09:43:39.243+0000] {processor.py:161} INFO - Started process (PID=183) to work on /opt/airflow/dags/automatic_run_dbt.py
[2025-07-01T09:43:39.287+0000] {processor.py:830} INFO - Processing file /opt/airflow/dags/automatic_run_dbt.py for tasks to queue
[2025-07-01T09:43:39.290+0000] {logging_mixin.py:188} INFO - [2025-07-01T09:43:39.289+0000] {dagbag.py:540} INFO - Filling up the DagBag from /opt/airflow/dags/automatic_run_dbt.py
[2025-07-01T09:43:39.295+0000] {processor.py:840} INFO - DAG(s) 'dbt_run_checkout_pipeline' retrieved from /opt/airflow/dags/automatic_run_dbt.py
[2025-07-01T09:43:39.311+0000] {logging_mixin.py:188} INFO - [2025-07-01T09:43:39.311+0000] {dag.py:3096} INFO - Sync 1 DAGs
[2025-07-01T09:43:39.402+0000] {processor.py:183} INFO - Processing /opt/airflow/dags/automatic_run_dbt.py took 0.163 seconds
[2025-07-01T09:44:09.462+0000] {processor.py:161} INFO - Started process (PID=251) to work on /opt/airflow/dags/automatic_run_dbt.py
[2025-07-01T09:44:09.463+0000] {processor.py:830} INFO - Processing file /opt/airflow/dags/automatic_run_dbt.py for tasks to queue
[2025-07-01T09:44:09.464+0000] {logging_mixin.py:188} INFO - [2025-07-01T09:44:09.463+0000] {dagbag.py:540} INFO - Filling up the DagBag from /opt/airflow/dags/automatic_run_dbt.py
[2025-07-01T09:44:09.469+0000] {processor.py:840} INFO - DAG(s) 'dbt_run_checkout_pipeline' retrieved from /opt/airflow/dags/automatic_run_dbt.py
[2025-07-01T09:44:09.612+0000] {logging_mixin.py:188} INFO - [2025-07-01T09:44:09.612+0000] {dag.py:3096} INFO - Sync 1 DAGs
[2025-07-01T09:44:09.638+0000] {processor.py:183} INFO - Processing /opt/airflow/dags/automatic_run_dbt.py took 0.179 seconds
[2025-07-01T09:45:15.776+0000] {processor.py:161} INFO - Started process (PID=184) to work on /opt/airflow/dags/automatic_run_dbt.py
[2025-07-01T09:45:15.776+0000] {processor.py:830} INFO - Processing file /opt/airflow/dags/automatic_run_dbt.py for tasks to queue
[2025-07-01T09:45:15.777+0000] {logging_mixin.py:188} INFO - [2025-07-01T09:45:15.777+0000] {dagbag.py:540} INFO - Filling up the DagBag from /opt/airflow/dags/automatic_run_dbt.py
[2025-07-01T09:45:15.782+0000] {processor.py:840} INFO - DAG(s) 'dbt_run_checkout_pipeline' retrieved from /opt/airflow/dags/automatic_run_dbt.py
[2025-07-01T09:45:15.846+0000] {logging_mixin.py:188} INFO - [2025-07-01T09:45:15.845+0000] {dag.py:3096} INFO - Sync 1 DAGs
[2025-07-01T09:45:15.869+0000] {processor.py:183} INFO - Processing /opt/airflow/dags/automatic_run_dbt.py took 0.097 seconds
[2025-07-01T09:45:45.900+0000] {processor.py:161} INFO - Started process (PID=224) to work on /opt/airflow/dags/automatic_run_dbt.py
[2025-07-01T09:45:45.901+0000] {processor.py:830} INFO - Processing file /opt/airflow/dags/automatic_run_dbt.py for tasks to queue
[2025-07-01T09:45:45.901+0000] {logging_mixin.py:188} INFO - [2025-07-01T09:45:45.901+0000] {dagbag.py:540} INFO - Filling up the DagBag from /opt/airflow/dags/automatic_run_dbt.py
[2025-07-01T09:45:45.907+0000] {processor.py:840} INFO - DAG(s) 'dbt_run_checkout_pipeline' retrieved from /opt/airflow/dags/automatic_run_dbt.py
[2025-07-01T09:45:46.378+0000] {logging_mixin.py:188} INFO - [2025-07-01T09:45:46.378+0000] {dag.py:3096} INFO - Sync 1 DAGs
[2025-07-01T09:45:46.395+0000] {processor.py:183} INFO - Processing /opt/airflow/dags/automatic_run_dbt.py took 0.500 seconds
[2025-07-01T09:47:14.255+0000] {processor.py:161} INFO - Started process (PID=184) to work on /opt/airflow/dags/automatic_run_dbt.py
[2025-07-01T09:47:14.255+0000] {processor.py:830} INFO - Processing file /opt/airflow/dags/automatic_run_dbt.py for tasks to queue
[2025-07-01T09:47:14.256+0000] {logging_mixin.py:188} INFO - [2025-07-01T09:47:14.256+0000] {dagbag.py:540} INFO - Filling up the DagBag from /opt/airflow/dags/automatic_run_dbt.py
[2025-07-01T09:47:14.262+0000] {processor.py:840} INFO - DAG(s) 'dbt_run_checkout_pipeline' retrieved from /opt/airflow/dags/automatic_run_dbt.py
[2025-07-01T09:47:14.278+0000] {logging_mixin.py:188} INFO - [2025-07-01T09:47:14.278+0000] {dag.py:3096} INFO - Sync 1 DAGs
[2025-07-01T09:47:14.354+0000] {processor.py:183} INFO - Processing /opt/airflow/dags/automatic_run_dbt.py took 0.104 seconds
[2025-07-01T09:47:44.394+0000] {processor.py:161} INFO - Started process (PID=226) to work on /opt/airflow/dags/automatic_run_dbt.py
[2025-07-01T09:47:44.395+0000] {processor.py:830} INFO - Processing file /opt/airflow/dags/automatic_run_dbt.py for tasks to queue
[2025-07-01T09:47:44.396+0000] {logging_mixin.py:188} INFO - [2025-07-01T09:47:44.396+0000] {dagbag.py:540} INFO - Filling up the DagBag from /opt/airflow/dags/automatic_run_dbt.py
[2025-07-01T09:47:44.436+0000] {processor.py:840} INFO - DAG(s) 'dbt_run_checkout_pipeline' retrieved from /opt/airflow/dags/automatic_run_dbt.py
[2025-07-01T09:47:44.945+0000] {logging_mixin.py:188} INFO - [2025-07-01T09:47:44.945+0000] {dag.py:3096} INFO - Sync 1 DAGs
[2025-07-01T09:47:44.966+0000] {processor.py:183} INFO - Processing /opt/airflow/dags/automatic_run_dbt.py took 0.577 seconds
[2025-07-01T09:48:15.092+0000] {processor.py:161} INFO - Started process (PID=259) to work on /opt/airflow/dags/automatic_run_dbt.py
[2025-07-01T09:48:15.100+0000] {processor.py:830} INFO - Processing file /opt/airflow/dags/automatic_run_dbt.py for tasks to queue
[2025-07-01T09:48:15.101+0000] {logging_mixin.py:188} INFO - [2025-07-01T09:48:15.101+0000] {dagbag.py:540} INFO - Filling up the DagBag from /opt/airflow/dags/automatic_run_dbt.py
[2025-07-01T09:48:15.109+0000] {processor.py:840} INFO - DAG(s) 'dbt_run_checkout_pipeline' retrieved from /opt/airflow/dags/automatic_run_dbt.py
[2025-07-01T09:48:15.215+0000] {logging_mixin.py:188} INFO - [2025-07-01T09:48:15.215+0000] {dag.py:3096} INFO - Sync 1 DAGs
[2025-07-01T09:48:15.242+0000] {processor.py:183} INFO - Processing /opt/airflow/dags/automatic_run_dbt.py took 0.156 seconds
[2025-07-01T09:48:45.462+0000] {processor.py:161} INFO - Started process (PID=300) to work on /opt/airflow/dags/automatic_run_dbt.py
[2025-07-01T09:48:45.471+0000] {processor.py:830} INFO - Processing file /opt/airflow/dags/automatic_run_dbt.py for tasks to queue
[2025-07-01T09:48:45.471+0000] {logging_mixin.py:188} INFO - [2025-07-01T09:48:45.471+0000] {dagbag.py:540} INFO - Filling up the DagBag from /opt/airflow/dags/automatic_run_dbt.py
[2025-07-01T09:48:45.476+0000] {processor.py:840} INFO - DAG(s) 'dbt_run_checkout_pipeline' retrieved from /opt/airflow/dags/automatic_run_dbt.py
[2025-07-01T09:48:45.494+0000] {logging_mixin.py:188} INFO - [2025-07-01T09:48:45.494+0000] {dag.py:3096} INFO - Sync 1 DAGs
[2025-07-01T09:48:45.511+0000] {processor.py:183} INFO - Processing /opt/airflow/dags/automatic_run_dbt.py took 0.151 seconds
[2025-07-01T09:49:15.608+0000] {processor.py:161} INFO - Started process (PID=392) to work on /opt/airflow/dags/automatic_run_dbt.py
[2025-07-01T09:49:15.617+0000] {processor.py:830} INFO - Processing file /opt/airflow/dags/automatic_run_dbt.py for tasks to queue
[2025-07-01T09:49:15.618+0000] {logging_mixin.py:188} INFO - [2025-07-01T09:49:15.618+0000] {dagbag.py:540} INFO - Filling up the DagBag from /opt/airflow/dags/automatic_run_dbt.py
[2025-07-01T09:49:15.624+0000] {processor.py:840} INFO - DAG(s) 'dbt_run_checkout_pipeline' retrieved from /opt/airflow/dags/automatic_run_dbt.py
[2025-07-01T09:49:15.645+0000] {logging_mixin.py:188} INFO - [2025-07-01T09:49:15.645+0000] {dag.py:3096} INFO - Sync 1 DAGs
[2025-07-01T09:49:15.667+0000] {processor.py:183} INFO - Processing /opt/airflow/dags/automatic_run_dbt.py took 0.063 seconds
[2025-07-01T09:49:45.732+0000] {processor.py:161} INFO - Started process (PID=404) to work on /opt/airflow/dags/automatic_run_dbt.py
[2025-07-01T09:49:45.733+0000] {processor.py:830} INFO - Processing file /opt/airflow/dags/automatic_run_dbt.py for tasks to queue
[2025-07-01T09:49:45.734+0000] {logging_mixin.py:188} INFO - [2025-07-01T09:49:45.734+0000] {dagbag.py:540} INFO - Filling up the DagBag from /opt/airflow/dags/automatic_run_dbt.py
[2025-07-01T09:49:45.741+0000] {processor.py:840} INFO - DAG(s) 'dbt_run_checkout_pipeline' retrieved from /opt/airflow/dags/automatic_run_dbt.py
[2025-07-01T09:49:45.757+0000] {logging_mixin.py:188} INFO - [2025-07-01T09:49:45.757+0000] {dag.py:3096} INFO - Sync 1 DAGs
[2025-07-01T09:49:45.777+0000] {processor.py:183} INFO - Processing /opt/airflow/dags/automatic_run_dbt.py took 0.049 seconds
[2025-07-01T09:50:15.888+0000] {processor.py:161} INFO - Started process (PID=416) to work on /opt/airflow/dags/automatic_run_dbt.py
[2025-07-01T09:50:15.897+0000] {processor.py:830} INFO - Processing file /opt/airflow/dags/automatic_run_dbt.py for tasks to queue
[2025-07-01T09:50:15.898+0000] {logging_mixin.py:188} INFO - [2025-07-01T09:50:15.898+0000] {dagbag.py:540} INFO - Filling up the DagBag from /opt/airflow/dags/automatic_run_dbt.py
[2025-07-01T09:50:15.904+0000] {processor.py:840} INFO - DAG(s) 'dbt_run_checkout_pipeline' retrieved from /opt/airflow/dags/automatic_run_dbt.py
[2025-07-01T09:50:15.917+0000] {logging_mixin.py:188} INFO - [2025-07-01T09:50:15.917+0000] {dag.py:3096} INFO - Sync 1 DAGs
[2025-07-01T09:50:15.937+0000] {processor.py:183} INFO - Processing /opt/airflow/dags/automatic_run_dbt.py took 0.054 seconds
[2025-07-01T09:50:46.010+0000] {processor.py:161} INFO - Started process (PID=428) to work on /opt/airflow/dags/automatic_run_dbt.py
[2025-07-01T09:50:46.024+0000] {processor.py:830} INFO - Processing file /opt/airflow/dags/automatic_run_dbt.py for tasks to queue
[2025-07-01T09:50:46.025+0000] {logging_mixin.py:188} INFO - [2025-07-01T09:50:46.025+0000] {dagbag.py:540} INFO - Filling up the DagBag from /opt/airflow/dags/automatic_run_dbt.py
[2025-07-01T09:50:46.031+0000] {processor.py:840} INFO - DAG(s) 'dbt_run_checkout_pipeline' retrieved from /opt/airflow/dags/automatic_run_dbt.py
[2025-07-01T09:50:46.046+0000] {logging_mixin.py:188} INFO - [2025-07-01T09:50:46.046+0000] {dag.py:3096} INFO - Sync 1 DAGs
[2025-07-01T09:50:46.065+0000] {processor.py:183} INFO - Processing /opt/airflow/dags/automatic_run_dbt.py took 0.059 seconds
[2025-07-01T09:51:16.142+0000] {processor.py:161} INFO - Started process (PID=440) to work on /opt/airflow/dags/automatic_run_dbt.py
[2025-07-01T09:51:16.151+0000] {processor.py:830} INFO - Processing file /opt/airflow/dags/automatic_run_dbt.py for tasks to queue
[2025-07-01T09:51:16.152+0000] {logging_mixin.py:188} INFO - [2025-07-01T09:51:16.152+0000] {dagbag.py:540} INFO - Filling up the DagBag from /opt/airflow/dags/automatic_run_dbt.py
[2025-07-01T09:51:16.157+0000] {processor.py:840} INFO - DAG(s) 'dbt_run_checkout_pipeline' retrieved from /opt/airflow/dags/automatic_run_dbt.py
[2025-07-01T09:51:16.172+0000] {logging_mixin.py:188} INFO - [2025-07-01T09:51:16.172+0000] {dag.py:3096} INFO - Sync 1 DAGs
[2025-07-01T09:51:16.191+0000] {processor.py:183} INFO - Processing /opt/airflow/dags/automatic_run_dbt.py took 0.052 seconds
[2025-07-01T09:52:11.170+0000] {processor.py:161} INFO - Started process (PID=184) to work on /opt/airflow/dags/automatic_run_dbt.py
[2025-07-01T09:52:11.170+0000] {processor.py:830} INFO - Processing file /opt/airflow/dags/automatic_run_dbt.py for tasks to queue
[2025-07-01T09:52:11.172+0000] {logging_mixin.py:188} INFO - [2025-07-01T09:52:11.171+0000] {dagbag.py:540} INFO - Filling up the DagBag from /opt/airflow/dags/automatic_run_dbt.py
[2025-07-01T09:52:11.178+0000] {processor.py:840} INFO - DAG(s) 'dbt_run_checkout_pipeline' retrieved from /opt/airflow/dags/automatic_run_dbt.py
[2025-07-01T09:52:11.194+0000] {logging_mixin.py:188} INFO - [2025-07-01T09:52:11.193+0000] {dag.py:3096} INFO - Sync 1 DAGs
[2025-07-01T09:52:11.275+0000] {processor.py:183} INFO - Processing /opt/airflow/dags/automatic_run_dbt.py took 0.109 seconds
[2025-07-01T09:52:41.393+0000] {processor.py:161} INFO - Started process (PID=225) to work on /opt/airflow/dags/automatic_run_dbt.py
[2025-07-01T09:52:41.402+0000] {processor.py:830} INFO - Processing file /opt/airflow/dags/automatic_run_dbt.py for tasks to queue
[2025-07-01T09:52:41.403+0000] {logging_mixin.py:188} INFO - [2025-07-01T09:52:41.403+0000] {dagbag.py:540} INFO - Filling up the DagBag from /opt/airflow/dags/automatic_run_dbt.py
[2025-07-01T09:52:41.410+0000] {processor.py:840} INFO - DAG(s) 'dbt_run_checkout_pipeline' retrieved from /opt/airflow/dags/automatic_run_dbt.py
[2025-07-01T09:52:41.883+0000] {logging_mixin.py:188} INFO - [2025-07-01T09:52:41.883+0000] {dag.py:3096} INFO - Sync 1 DAGs
[2025-07-01T09:52:41.900+0000] {processor.py:183} INFO - Processing /opt/airflow/dags/automatic_run_dbt.py took 0.511 seconds
[2025-07-01T09:53:12.028+0000] {processor.py:161} INFO - Started process (PID=257) to work on /opt/airflow/dags/automatic_run_dbt.py
[2025-07-01T09:53:12.029+0000] {processor.py:830} INFO - Processing file /opt/airflow/dags/automatic_run_dbt.py for tasks to queue
[2025-07-01T09:53:12.030+0000] {logging_mixin.py:188} INFO - [2025-07-01T09:53:12.030+0000] {dagbag.py:540} INFO - Filling up the DagBag from /opt/airflow/dags/automatic_run_dbt.py
[2025-07-01T09:53:12.038+0000] {processor.py:840} INFO - DAG(s) 'dbt_run_checkout_pipeline' retrieved from /opt/airflow/dags/automatic_run_dbt.py
[2025-07-01T09:53:12.145+0000] {logging_mixin.py:188} INFO - [2025-07-01T09:53:12.145+0000] {dag.py:3096} INFO - Sync 1 DAGs
[2025-07-01T09:53:12.173+0000] {processor.py:183} INFO - Processing /opt/airflow/dags/automatic_run_dbt.py took 0.150 seconds
[2025-07-01T09:53:42.383+0000] {processor.py:161} INFO - Started process (PID=297) to work on /opt/airflow/dags/automatic_run_dbt.py
[2025-07-01T09:53:42.392+0000] {processor.py:830} INFO - Processing file /opt/airflow/dags/automatic_run_dbt.py for tasks to queue
[2025-07-01T09:53:42.392+0000] {logging_mixin.py:188} INFO - [2025-07-01T09:53:42.392+0000] {dagbag.py:540} INFO - Filling up the DagBag from /opt/airflow/dags/automatic_run_dbt.py
[2025-07-01T09:53:42.396+0000] {processor.py:840} INFO - DAG(s) 'dbt_run_checkout_pipeline' retrieved from /opt/airflow/dags/automatic_run_dbt.py
[2025-07-01T09:53:42.418+0000] {logging_mixin.py:188} INFO - [2025-07-01T09:53:42.418+0000] {dag.py:3096} INFO - Sync 1 DAGs
[2025-07-01T09:53:42.436+0000] {processor.py:183} INFO - Processing /opt/airflow/dags/automatic_run_dbt.py took 0.143 seconds
[2025-07-01T09:54:12.493+0000] {processor.py:161} INFO - Started process (PID=333) to work on /opt/airflow/dags/automatic_run_dbt.py
[2025-07-01T09:54:12.494+0000] {processor.py:830} INFO - Processing file /opt/airflow/dags/automatic_run_dbt.py for tasks to queue
[2025-07-01T09:54:12.495+0000] {logging_mixin.py:188} INFO - [2025-07-01T09:54:12.495+0000] {dagbag.py:540} INFO - Filling up the DagBag from /opt/airflow/dags/automatic_run_dbt.py
[2025-07-01T09:54:12.503+0000] {processor.py:840} INFO - DAG(s) 'dbt_run_checkout_pipeline' retrieved from /opt/airflow/dags/automatic_run_dbt.py
[2025-07-01T09:54:12.518+0000] {logging_mixin.py:188} INFO - [2025-07-01T09:54:12.517+0000] {dag.py:3096} INFO - Sync 1 DAGs
[2025-07-01T09:54:12.581+0000] {processor.py:183} INFO - Processing /opt/airflow/dags/automatic_run_dbt.py took 0.094 seconds
[2025-07-01T09:54:42.689+0000] {processor.py:161} INFO - Started process (PID=375) to work on /opt/airflow/dags/automatic_run_dbt.py
[2025-07-01T09:54:42.698+0000] {processor.py:830} INFO - Processing file /opt/airflow/dags/automatic_run_dbt.py for tasks to queue
[2025-07-01T09:54:42.699+0000] {logging_mixin.py:188} INFO - [2025-07-01T09:54:42.698+0000] {dagbag.py:540} INFO - Filling up the DagBag from /opt/airflow/dags/automatic_run_dbt.py
[2025-07-01T09:54:42.706+0000] {processor.py:840} INFO - DAG(s) 'dbt_run_checkout_pipeline' retrieved from /opt/airflow/dags/automatic_run_dbt.py
[2025-07-01T09:54:42.725+0000] {logging_mixin.py:188} INFO - [2025-07-01T09:54:42.725+0000] {dag.py:3096} INFO - Sync 1 DAGs
[2025-07-01T09:54:42.746+0000] {processor.py:183} INFO - Processing /opt/airflow/dags/automatic_run_dbt.py took 0.060 seconds
[2025-07-01T09:55:12.821+0000] {processor.py:161} INFO - Started process (PID=387) to work on /opt/airflow/dags/automatic_run_dbt.py
[2025-07-01T09:55:12.830+0000] {processor.py:830} INFO - Processing file /opt/airflow/dags/automatic_run_dbt.py for tasks to queue
[2025-07-01T09:55:12.832+0000] {logging_mixin.py:188} INFO - [2025-07-01T09:55:12.832+0000] {dagbag.py:540} INFO - Filling up the DagBag from /opt/airflow/dags/automatic_run_dbt.py
[2025-07-01T09:55:12.838+0000] {processor.py:840} INFO - DAG(s) 'dbt_run_checkout_pipeline' retrieved from /opt/airflow/dags/automatic_run_dbt.py
[2025-07-01T09:55:12.856+0000] {logging_mixin.py:188} INFO - [2025-07-01T09:55:12.856+0000] {dag.py:3096} INFO - Sync 1 DAGs
[2025-07-01T09:55:12.873+0000] {processor.py:183} INFO - Processing /opt/airflow/dags/automatic_run_dbt.py took 0.057 seconds
[2025-07-01T09:55:42.972+0000] {processor.py:161} INFO - Started process (PID=399) to work on /opt/airflow/dags/automatic_run_dbt.py
[2025-07-01T09:55:42.981+0000] {processor.py:830} INFO - Processing file /opt/airflow/dags/automatic_run_dbt.py for tasks to queue
[2025-07-01T09:55:42.983+0000] {logging_mixin.py:188} INFO - [2025-07-01T09:55:42.982+0000] {dagbag.py:540} INFO - Filling up the DagBag from /opt/airflow/dags/automatic_run_dbt.py
[2025-07-01T09:55:42.989+0000] {processor.py:840} INFO - DAG(s) 'dbt_run_checkout_pipeline' retrieved from /opt/airflow/dags/automatic_run_dbt.py
[2025-07-01T09:55:43.002+0000] {logging_mixin.py:188} INFO - [2025-07-01T09:55:43.002+0000] {dag.py:3096} INFO - Sync 1 DAGs
[2025-07-01T09:55:43.021+0000] {processor.py:183} INFO - Processing /opt/airflow/dags/automatic_run_dbt.py took 0.056 seconds
[2025-07-01T09:56:13.080+0000] {processor.py:161} INFO - Started process (PID=411) to work on /opt/airflow/dags/automatic_run_dbt.py
[2025-07-01T09:56:13.089+0000] {processor.py:830} INFO - Processing file /opt/airflow/dags/automatic_run_dbt.py for tasks to queue
[2025-07-01T09:56:13.090+0000] {logging_mixin.py:188} INFO - [2025-07-01T09:56:13.090+0000] {dagbag.py:540} INFO - Filling up the DagBag from /opt/airflow/dags/automatic_run_dbt.py
[2025-07-01T09:56:13.097+0000] {processor.py:840} INFO - DAG(s) 'dbt_run_checkout_pipeline' retrieved from /opt/airflow/dags/automatic_run_dbt.py
[2025-07-01T09:56:13.113+0000] {logging_mixin.py:188} INFO - [2025-07-01T09:56:13.113+0000] {dag.py:3096} INFO - Sync 1 DAGs
[2025-07-01T09:56:13.132+0000] {processor.py:183} INFO - Processing /opt/airflow/dags/automatic_run_dbt.py took 0.055 seconds
[2025-07-01T09:56:43.229+0000] {processor.py:161} INFO - Started process (PID=423) to work on /opt/airflow/dags/automatic_run_dbt.py
[2025-07-01T09:56:43.230+0000] {processor.py:830} INFO - Processing file /opt/airflow/dags/automatic_run_dbt.py for tasks to queue
[2025-07-01T09:56:43.231+0000] {logging_mixin.py:188} INFO - [2025-07-01T09:56:43.231+0000] {dagbag.py:540} INFO - Filling up the DagBag from /opt/airflow/dags/automatic_run_dbt.py
[2025-07-01T09:56:43.267+0000] {processor.py:840} INFO - DAG(s) 'dbt_run_checkout_pipeline' retrieved from /opt/airflow/dags/automatic_run_dbt.py
[2025-07-01T09:56:43.284+0000] {logging_mixin.py:188} INFO - [2025-07-01T09:56:43.284+0000] {dag.py:3096} INFO - Sync 1 DAGs
[2025-07-01T09:56:43.312+0000] {processor.py:183} INFO - Processing /opt/airflow/dags/automatic_run_dbt.py took 0.089 seconds
[2025-07-01T09:57:13.462+0000] {processor.py:161} INFO - Started process (PID=428) to work on /opt/airflow/dags/automatic_run_dbt.py
[2025-07-01T09:57:13.462+0000] {processor.py:830} INFO - Processing file /opt/airflow/dags/automatic_run_dbt.py for tasks to queue
[2025-07-01T09:57:13.463+0000] {logging_mixin.py:188} INFO - [2025-07-01T09:57:13.463+0000] {dagbag.py:540} INFO - Filling up the DagBag from /opt/airflow/dags/automatic_run_dbt.py
[2025-07-01T09:57:13.469+0000] {processor.py:840} INFO - DAG(s) 'dbt_run_checkout_pipeline' retrieved from /opt/airflow/dags/automatic_run_dbt.py
[2025-07-01T09:57:13.489+0000] {logging_mixin.py:188} INFO - [2025-07-01T09:57:13.488+0000] {dag.py:3096} INFO - Sync 1 DAGs
[2025-07-01T09:57:13.509+0000] {processor.py:183} INFO - Processing /opt/airflow/dags/automatic_run_dbt.py took 0.051 seconds
[2025-07-01T09:57:43.571+0000] {processor.py:161} INFO - Started process (PID=440) to work on /opt/airflow/dags/automatic_run_dbt.py
[2025-07-01T09:57:43.571+0000] {processor.py:830} INFO - Processing file /opt/airflow/dags/automatic_run_dbt.py for tasks to queue
[2025-07-01T09:57:43.572+0000] {logging_mixin.py:188} INFO - [2025-07-01T09:57:43.572+0000] {dagbag.py:540} INFO - Filling up the DagBag from /opt/airflow/dags/automatic_run_dbt.py
[2025-07-01T09:57:43.578+0000] {processor.py:840} INFO - DAG(s) 'dbt_run_checkout_pipeline' retrieved from /opt/airflow/dags/automatic_run_dbt.py
[2025-07-01T09:57:43.596+0000] {logging_mixin.py:188} INFO - [2025-07-01T09:57:43.596+0000] {dag.py:3096} INFO - Sync 1 DAGs
[2025-07-01T09:57:43.619+0000] {processor.py:183} INFO - Processing /opt/airflow/dags/automatic_run_dbt.py took 0.051 seconds
[2025-07-01T09:58:13.730+0000] {processor.py:161} INFO - Started process (PID=452) to work on /opt/airflow/dags/automatic_run_dbt.py
[2025-07-01T09:58:13.739+0000] {processor.py:830} INFO - Processing file /opt/airflow/dags/automatic_run_dbt.py for tasks to queue
[2025-07-01T09:58:13.740+0000] {logging_mixin.py:188} INFO - [2025-07-01T09:58:13.740+0000] {dagbag.py:540} INFO - Filling up the DagBag from /opt/airflow/dags/automatic_run_dbt.py
[2025-07-01T09:58:13.746+0000] {processor.py:840} INFO - DAG(s) 'dbt_run_checkout_pipeline' retrieved from /opt/airflow/dags/automatic_run_dbt.py
[2025-07-01T09:58:13.766+0000] {logging_mixin.py:188} INFO - [2025-07-01T09:58:13.766+0000] {dag.py:3096} INFO - Sync 1 DAGs
[2025-07-01T09:58:13.789+0000] {processor.py:183} INFO - Processing /opt/airflow/dags/automatic_run_dbt.py took 0.062 seconds
[2025-07-01T09:58:43.839+0000] {processor.py:161} INFO - Started process (PID=464) to work on /opt/airflow/dags/automatic_run_dbt.py
[2025-07-01T09:58:43.848+0000] {processor.py:830} INFO - Processing file /opt/airflow/dags/automatic_run_dbt.py for tasks to queue
[2025-07-01T09:58:43.850+0000] {logging_mixin.py:188} INFO - [2025-07-01T09:58:43.849+0000] {dagbag.py:540} INFO - Filling up the DagBag from /opt/airflow/dags/automatic_run_dbt.py
[2025-07-01T09:58:43.856+0000] {processor.py:840} INFO - DAG(s) 'dbt_run_checkout_pipeline' retrieved from /opt/airflow/dags/automatic_run_dbt.py
[2025-07-01T09:58:43.877+0000] {logging_mixin.py:188} INFO - [2025-07-01T09:58:43.877+0000] {dag.py:3096} INFO - Sync 1 DAGs
[2025-07-01T09:58:43.901+0000] {processor.py:183} INFO - Processing /opt/airflow/dags/automatic_run_dbt.py took 0.068 seconds
[2025-07-01T09:59:13.988+0000] {processor.py:161} INFO - Started process (PID=476) to work on /opt/airflow/dags/automatic_run_dbt.py
[2025-07-01T09:59:13.998+0000] {processor.py:830} INFO - Processing file /opt/airflow/dags/automatic_run_dbt.py for tasks to queue
[2025-07-01T09:59:13.999+0000] {logging_mixin.py:188} INFO - [2025-07-01T09:59:13.999+0000] {dagbag.py:540} INFO - Filling up the DagBag from /opt/airflow/dags/automatic_run_dbt.py
[2025-07-01T09:59:14.006+0000] {processor.py:840} INFO - DAG(s) 'dbt_run_checkout_pipeline' retrieved from /opt/airflow/dags/automatic_run_dbt.py
[2025-07-01T09:59:14.020+0000] {logging_mixin.py:188} INFO - [2025-07-01T09:59:14.020+0000] {dag.py:3096} INFO - Sync 1 DAGs
[2025-07-01T09:59:14.039+0000] {processor.py:183} INFO - Processing /opt/airflow/dags/automatic_run_dbt.py took 0.055 seconds
[2025-07-01T09:59:44.154+0000] {processor.py:161} INFO - Started process (PID=521) to work on /opt/airflow/dags/automatic_run_dbt.py
[2025-07-01T09:59:44.154+0000] {processor.py:830} INFO - Processing file /opt/airflow/dags/automatic_run_dbt.py for tasks to queue
[2025-07-01T09:59:44.155+0000] {logging_mixin.py:188} INFO - [2025-07-01T09:59:44.155+0000] {dagbag.py:540} INFO - Filling up the DagBag from /opt/airflow/dags/automatic_run_dbt.py
[2025-07-01T09:59:44.161+0000] {processor.py:840} INFO - DAG(s) 'dbt_run_checkout_pipeline' retrieved from /opt/airflow/dags/automatic_run_dbt.py
[2025-07-01T09:59:44.184+0000] {logging_mixin.py:188} INFO - [2025-07-01T09:59:44.184+0000] {dag.py:3096} INFO - Sync 1 DAGs
[2025-07-01T09:59:44.198+0000] {logging_mixin.py:188} INFO - [2025-07-01T09:59:44.198+0000] {dag.py:3954} INFO - Setting next_dagrun for dbt_run_checkout_pipeline to 2025-07-01 09:45:00+00:00, run_after=2025-07-01 10:00:00+00:00
[2025-07-01T09:59:44.209+0000] {processor.py:183} INFO - Processing /opt/airflow/dags/automatic_run_dbt.py took 0.058 seconds
[2025-07-01T10:00:14.336+0000] {processor.py:161} INFO - Started process (PID=566) to work on /opt/airflow/dags/automatic_run_dbt.py
[2025-07-01T10:00:14.345+0000] {processor.py:830} INFO - Processing file /opt/airflow/dags/automatic_run_dbt.py for tasks to queue
[2025-07-01T10:00:14.346+0000] {logging_mixin.py:188} INFO - [2025-07-01T10:00:14.346+0000] {dagbag.py:540} INFO - Filling up the DagBag from /opt/airflow/dags/automatic_run_dbt.py
[2025-07-01T10:00:14.355+0000] {processor.py:840} INFO - DAG(s) 'dbt_run_checkout_pipeline' retrieved from /opt/airflow/dags/automatic_run_dbt.py
[2025-07-01T10:00:14.371+0000] {logging_mixin.py:188} INFO - [2025-07-01T10:00:14.371+0000] {dag.py:3096} INFO - Sync 1 DAGs
[2025-07-01T10:00:14.396+0000] {processor.py:183} INFO - Processing /opt/airflow/dags/automatic_run_dbt.py took 0.062 seconds
[2025-07-01T10:00:44.438+0000] {processor.py:161} INFO - Started process (PID=578) to work on /opt/airflow/dags/automatic_run_dbt.py
[2025-07-01T10:00:44.447+0000] {processor.py:830} INFO - Processing file /opt/airflow/dags/automatic_run_dbt.py for tasks to queue
[2025-07-01T10:00:44.447+0000] {logging_mixin.py:188} INFO - [2025-07-01T10:00:44.447+0000] {dagbag.py:540} INFO - Filling up the DagBag from /opt/airflow/dags/automatic_run_dbt.py
[2025-07-01T10:00:44.453+0000] {processor.py:840} INFO - DAG(s) 'dbt_run_checkout_pipeline' retrieved from /opt/airflow/dags/automatic_run_dbt.py
[2025-07-01T10:00:44.474+0000] {logging_mixin.py:188} INFO - [2025-07-01T10:00:44.474+0000] {dag.py:3096} INFO - Sync 1 DAGs
[2025-07-01T10:00:44.494+0000] {processor.py:183} INFO - Processing /opt/airflow/dags/automatic_run_dbt.py took 0.059 seconds
[2025-07-01T10:01:14.601+0000] {processor.py:161} INFO - Started process (PID=590) to work on /opt/airflow/dags/automatic_run_dbt.py
[2025-07-01T10:01:14.610+0000] {processor.py:830} INFO - Processing file /opt/airflow/dags/automatic_run_dbt.py for tasks to queue
[2025-07-01T10:01:14.611+0000] {logging_mixin.py:188} INFO - [2025-07-01T10:01:14.610+0000] {dagbag.py:540} INFO - Filling up the DagBag from /opt/airflow/dags/automatic_run_dbt.py
[2025-07-01T10:01:14.616+0000] {processor.py:840} INFO - DAG(s) 'dbt_run_checkout_pipeline' retrieved from /opt/airflow/dags/automatic_run_dbt.py
[2025-07-01T10:01:14.632+0000] {logging_mixin.py:188} INFO - [2025-07-01T10:01:14.632+0000] {dag.py:3096} INFO - Sync 1 DAGs
[2025-07-01T10:01:14.655+0000] {processor.py:183} INFO - Processing /opt/airflow/dags/automatic_run_dbt.py took 0.058 seconds
[2025-07-01T10:01:44.704+0000] {processor.py:161} INFO - Started process (PID=602) to work on /opt/airflow/dags/automatic_run_dbt.py
[2025-07-01T10:01:44.712+0000] {processor.py:830} INFO - Processing file /opt/airflow/dags/automatic_run_dbt.py for tasks to queue
[2025-07-01T10:01:44.713+0000] {logging_mixin.py:188} INFO - [2025-07-01T10:01:44.713+0000] {dagbag.py:540} INFO - Filling up the DagBag from /opt/airflow/dags/automatic_run_dbt.py
[2025-07-01T10:01:44.721+0000] {processor.py:840} INFO - DAG(s) 'dbt_run_checkout_pipeline' retrieved from /opt/airflow/dags/automatic_run_dbt.py
[2025-07-01T10:01:44.743+0000] {logging_mixin.py:188} INFO - [2025-07-01T10:01:44.743+0000] {dag.py:3096} INFO - Sync 1 DAGs
[2025-07-01T10:01:44.764+0000] {processor.py:183} INFO - Processing /opt/airflow/dags/automatic_run_dbt.py took 0.066 seconds
[2025-07-01T10:02:14.858+0000] {processor.py:161} INFO - Started process (PID=614) to work on /opt/airflow/dags/automatic_run_dbt.py
[2025-07-01T10:02:14.867+0000] {processor.py:830} INFO - Processing file /opt/airflow/dags/automatic_run_dbt.py for tasks to queue
[2025-07-01T10:02:14.870+0000] {logging_mixin.py:188} INFO - [2025-07-01T10:02:14.870+0000] {dagbag.py:540} INFO - Filling up the DagBag from /opt/airflow/dags/automatic_run_dbt.py
[2025-07-01T10:02:14.877+0000] {processor.py:840} INFO - DAG(s) 'dbt_run_checkout_pipeline' retrieved from /opt/airflow/dags/automatic_run_dbt.py
[2025-07-01T10:02:14.891+0000] {logging_mixin.py:188} INFO - [2025-07-01T10:02:14.891+0000] {dag.py:3096} INFO - Sync 1 DAGs
[2025-07-01T10:02:14.911+0000] {processor.py:183} INFO - Processing /opt/airflow/dags/automatic_run_dbt.py took 0.058 seconds
